[INFO] 21:47:07:987 CONSOLA/(3134:3134): 
 Iniciando consola...
[INFO] 21:47:07:990 CONSOLA/(3134:3134): Se parsearon #Instrucciones: 14
[INFO] 21:47:07:990 CONSOLA/(3134:3134): Se enviaron todas las instrucciones y los segmentos!

[INFO] 21:47:07:992 CONSOLA/(3134:3134): Mensaje de confirmacion del Kernel : Quedate tranqui Consola, llego todo lo que mandaste ;)


[INFO] 21:47:07:992 CONSOLA/(3134:3134): Consola en espera de nuevos mensajes del kernel..
[INFO] 21:47:09:263 CONSOLA/(3184:3184): 
 Iniciando consola...
[INFO] 21:47:09:266 CONSOLA/(3184:3184): Se parsearon #Instrucciones: 4
[INFO] 21:47:09:266 CONSOLA/(3184:3184): Se enviaron todas las instrucciones y los segmentos!

[INFO] 21:47:11:836 CONSOLA/(3280:3280): 
 Iniciando consola...
[INFO] 21:47:11:837 CONSOLA/(3280:3280): Se parsearon #Instrucciones: 14
[INFO] 21:47:26:472 CONSOLA/(3382:3382): 
 Iniciando consola...
[INFO] 21:47:26:473 CONSOLA/(3382:3382): Se parsearon #Instrucciones: 14
[INFO] 21:50:29:880 CONSOLA/(3949:3949): 
 Iniciando consola...
[INFO] 21:50:29:882 CONSOLA/(3949:3949): Se parsearon #Instrucciones: 14
[INFO] 21:50:29:883 CONSOLA/(3949:3949): Se enviaron todas las instrucciones y los segmentos!

[INFO] 21:50:29:884 CONSOLA/(3949:3949): Mensaje de confirmacion del Kernel : Quedate tranqui Consola, llego todo lo que mandaste ;)


[INFO] 21:50:29:884 CONSOLA/(3949:3949): Consola en espera de nuevos mensajes del kernel..
[INFO] 22:13:48:167 CONSOLA/(4983:4983): 
 Iniciando consola...
[INFO] 22:13:48:169 CONSOLA/(4983:4983): Se parsearon #Instrucciones: 14
[INFO] 22:13:48:169 CONSOLA/(4983:4983): Se enviaron todas las instrucciones y los segmentos!

[INFO] 22:13:48:170 CONSOLA/(4983:4983): Mensaje de confirmacion del Kernel : Quedate tranqui Consola, llego todo lo que mandaste ;)


[INFO] 22:13:48:170 CONSOLA/(4983:4983): Consola en espera de nuevos mensajes del kernel..
[INFO] 22:27:40:681 CONSOLA/(7388:7388): 
 Iniciando consola...
[INFO] 22:27:40:683 CONSOLA/(7388:7388): Se parsearon #Instrucciones: 14
[INFO] 22:27:40:683 CONSOLA/(7388:7388): Se enviaron todas las instrucciones y los segmentos!

[INFO] 22:27:40:684 CONSOLA/(7388:7388): Mensaje de confirmacion del Kernel : Quedate tranqui Consola, llego todo lo que mandaste ;)


[INFO] 22:27:40:684 CONSOLA/(7388:7388): Consola en espera de nuevos mensajes del kernel..
[INFO] 22:34:40:978 CONSOLA/(8427:8427): 
 Iniciando consola...
[INFO] 22:34:40:981 CONSOLA/(8427:8427): Se parsearon #Instrucciones: 14
[INFO] 22:34:40:982 CONSOLA/(8427:8427): Se enviaron todas las instrucciones y los segmentos!

[INFO] 22:34:40:982 CONSOLA/(8427:8427): Mensaje de confirmacion del Kernel : Quedate tranqui Consola, llego todo lo que mandaste ;)


[INFO] 22:34:40:982 CONSOLA/(8427:8427): Consola en espera de nuevos mensajes del kernel..
[INFO] 22:44:47:055 CONSOLA/(9549:9549): 
 Iniciando consola...
[INFO] 22:44:47:057 CONSOLA/(9549:9549): Se parsearon #Instrucciones: 14
[INFO] 22:44:47:057 CONSOLA/(9549:9549): Se enviaron todas las instrucciones y los segmentos!

[INFO] 22:44:47:058 CONSOLA/(9549:9549): Mensaje de confirmacion del Kernel : Quedate tranqui Consola, llego todo lo que mandaste ;)


[INFO] 22:44:47:058 CONSOLA/(9549:9549): Consola en espera de nuevos mensajes del kernel..
[INFO] 22:46:05:563 CONSOLA/(9992:9992): 
 Iniciando consola...
[INFO] 22:46:05:567 CONSOLA/(9992:9992): Se parsearon #Instrucciones: 14
[INFO] 22:46:05:567 CONSOLA/(9992:9992): Se enviaron todas las instrucciones y los segmentos!

[INFO] 22:46:05:567 CONSOLA/(9992:9992): Mensaje de confirmacion del Kernel : Quedate tranqui Consola, llego todo lo que mandaste ;)


[INFO] 22:46:05:567 CONSOLA/(9992:9992): Consola en espera de nuevos mensajes del kernel..
[INFO] 22:47:00:499 CONSOLA/(10459:10459): 
 Iniciando consola...
[INFO] 22:47:00:500 CONSOLA/(10459:10459): Se parsearon #Instrucciones: 14
[INFO] 22:47:00:501 CONSOLA/(10459:10459): Se enviaron todas las instrucciones y los segmentos!

[INFO] 22:47:00:501 CONSOLA/(10459:10459): Mensaje de confirmacion del Kernel : Quedate tranqui Consola, llego todo lo que mandaste ;)


[INFO] 22:47:00:501 CONSOLA/(10459:10459): Consola en espera de nuevos mensajes del kernel..
[INFO] 22:47:02:743 CONSOLA/(10536:10536): 
 Iniciando consola...
[INFO] 22:47:02:746 CONSOLA/(10536:10536): Se parsearon #Instrucciones: 4
[INFO] 22:47:02:746 CONSOLA/(10536:10536): Se enviaron todas las instrucciones y los segmentos!

[INFO] 22:47:02:746 CONSOLA/(10536:10536): Mensaje de confirmacion del Kernel : Quedate tranqui Consola, llego todo lo que mandaste ;)


[INFO] 22:47:02:746 CONSOLA/(10536:10536): Consola en espera de nuevos mensajes del kernel..
[INFO] 22:48:37:223 CONSOLA/(11223:11223): 
 Iniciando consola...
[INFO] 22:48:37:227 CONSOLA/(11223:11223): Se parsearon #Instrucciones: 14
[INFO] 22:48:37:228 CONSOLA/(11223:11223): Se enviaron todas las instrucciones y los segmentos!

[INFO] 22:48:37:228 CONSOLA/(11223:11223): Mensaje de confirmacion del Kernel : Quedate tranqui Consola, llego todo lo que mandaste ;)


[INFO] 22:48:37:228 CONSOLA/(11223:11223): Consola en espera de nuevos mensajes del kernel..
[INFO] 22:48:38:801 CONSOLA/(11297:11297): 
 Iniciando consola...
[INFO] 22:48:38:802 CONSOLA/(11297:11297): Se parsearon #Instrucciones: 4
[INFO] 22:48:38:802 CONSOLA/(11297:11297): Se enviaron todas las instrucciones y los segmentos!

[INFO] 22:48:38:802 CONSOLA/(11297:11297): Mensaje de confirmacion del Kernel : Quedate tranqui Consola, llego todo lo que mandaste ;)


[INFO] 22:48:38:802 CONSOLA/(11297:11297): Consola en espera de nuevos mensajes del kernel..
[INFO] 22:48:40:419 CONSOLA/(11364:11364): 
 Iniciando consola...
[INFO] 22:48:40:420 CONSOLA/(11364:11364): Se parsearon #Instrucciones: 14
[INFO] 22:48:40:420 CONSOLA/(11364:11364): Se enviaron todas las instrucciones y los segmentos!

[INFO] 22:48:40:420 CONSOLA/(11364:11364): Mensaje de confirmacion del Kernel : Quedate tranqui Consola, llego todo lo que mandaste ;)


[INFO] 22:48:40:420 CONSOLA/(11364:11364): Consola en espera de nuevos mensajes del kernel..
[INFO] 22:49:56:749 CONSOLA/(12090:12090): 
 Iniciando consola...
[INFO] 22:49:56:754 CONSOLA/(12090:12090): Se parsearon #Instrucciones: 14
[INFO] 22:49:56:754 CONSOLA/(12090:12090): Se enviaron todas las instrucciones y los segmentos!

[INFO] 22:49:56:755 CONSOLA/(12090:12090): Mensaje de confirmacion del Kernel : Quedate tranqui Consola, llego todo lo que mandaste ;)


[INFO] 22:49:56:755 CONSOLA/(12090:12090): Consola en espera de nuevos mensajes del kernel..
[INFO] 22:49:58:175 CONSOLA/(12153:12153): 
 Iniciando consola...
[INFO] 22:49:58:175 CONSOLA/(12153:12153): Se parsearon #Instrucciones: 4
[INFO] 22:49:58:175 CONSOLA/(12153:12153): Se enviaron todas las instrucciones y los segmentos!

[INFO] 22:49:58:175 CONSOLA/(12153:12153): Mensaje de confirmacion del Kernel : Quedate tranqui Consola, llego todo lo que mandaste ;)


[INFO] 22:49:58:175 CONSOLA/(12153:12153): Consola en espera de nuevos mensajes del kernel..
[INFO] 22:49:59:814 CONSOLA/(12237:12237): 
 Iniciando consola...
[INFO] 22:49:59:817 CONSOLA/(12237:12237): Se parsearon #Instrucciones: 14
[INFO] 22:49:59:818 CONSOLA/(12237:12237): Se enviaron todas las instrucciones y los segmentos!

[INFO] 22:49:59:818 CONSOLA/(12237:12237): Mensaje de confirmacion del Kernel : Quedate tranqui Consola, llego todo lo que mandaste ;)


[INFO] 22:49:59:818 CONSOLA/(12237:12237): Consola en espera de nuevos mensajes del kernel..
[INFO] 22:51:48:351 CONSOLA/(13050:13050): 
 Iniciando consola...
[INFO] 22:51:48:355 CONSOLA/(13050:13050): Se parsearon #Instrucciones: 14
[INFO] 22:51:48:356 CONSOLA/(13050:13050): Se enviaron todas las instrucciones y los segmentos!

[INFO] 22:51:48:356 CONSOLA/(13050:13050): Mensaje de confirmacion del Kernel : Quedate tranqui Consola, llego todo lo que mandaste ;)


[INFO] 22:51:48:356 CONSOLA/(13050:13050): Consola en espera de nuevos mensajes del kernel..
[INFO] 22:51:50:012 CONSOLA/(13131:13131): 
 Iniciando consola...
[INFO] 22:51:50:013 CONSOLA/(13131:13131): Se parsearon #Instrucciones: 4
[INFO] 22:51:50:013 CONSOLA/(13131:13131): Se enviaron todas las instrucciones y los segmentos!

[INFO] 22:51:50:013 CONSOLA/(13131:13131): Mensaje de confirmacion del Kernel : Quedate tranqui Consola, llego todo lo que mandaste ;)


[INFO] 22:51:50:013 CONSOLA/(13131:13131): Consola en espera de nuevos mensajes del kernel..
[INFO] 22:51:51:673 CONSOLA/(13209:13209): 
 Iniciando consola...
[INFO] 22:51:51:676 CONSOLA/(13209:13209): Se parsearon #Instrucciones: 14
[INFO] 22:51:51:676 CONSOLA/(13209:13209): Se enviaron todas las instrucciones y los segmentos!

[INFO] 22:51:51:676 CONSOLA/(13209:13209): Mensaje de confirmacion del Kernel : Quedate tranqui Consola, llego todo lo que mandaste ;)


[INFO] 22:51:51:676 CONSOLA/(13209:13209): Consola en espera de nuevos mensajes del kernel..
[INFO] 22:55:33:173 CONSOLA/(13886:13886): 
 Iniciando consola...
[INFO] 22:55:33:176 CONSOLA/(13886:13886): Se parsearon #Instrucciones: 14
[INFO] 22:55:33:176 CONSOLA/(13886:13886): Se enviaron todas las instrucciones y los segmentos!

[INFO] 22:55:33:177 CONSOLA/(13886:13886): Mensaje de confirmacion del Kernel : Quedate tranqui Consola, llego todo lo que mandaste ;)


[INFO] 22:55:33:177 CONSOLA/(13886:13886): Consola en espera de nuevos mensajes del kernel..
[INFO] 22:55:34:425 CONSOLA/(13946:13946): 
 Iniciando consola...
[INFO] 22:55:34:427 CONSOLA/(13946:13946): Se parsearon #Instrucciones: 14
[INFO] 22:55:34:428 CONSOLA/(13946:13946): Se enviaron todas las instrucciones y los segmentos!

[INFO] 22:55:34:428 CONSOLA/(13946:13946): Mensaje de confirmacion del Kernel : Quedate tranqui Consola, llego todo lo que mandaste ;)


[INFO] 22:55:34:428 CONSOLA/(13946:13946): Consola en espera de nuevos mensajes del kernel..
[INFO] 22:55:36:437 CONSOLA/(14033:14033): 
 Iniciando consola...
[INFO] 22:55:36:439 CONSOLA/(14033:14033): Se parsearon #Instrucciones: 4
[INFO] 22:55:36:440 CONSOLA/(14033:14033): Se enviaron todas las instrucciones y los segmentos!

[INFO] 22:55:36:440 CONSOLA/(14033:14033): Mensaje de confirmacion del Kernel : Quedate tranqui Consola, llego todo lo que mandaste ;)


[INFO] 22:55:36:440 CONSOLA/(14033:14033): Consola en espera de nuevos mensajes del kernel..
[INFO] 22:56:49:092 CONSOLA/(14826:14826): 
 Iniciando consola...
[INFO] 22:56:49:094 CONSOLA/(14826:14826): Se parsearon #Instrucciones: 14
[INFO] 22:56:49:094 CONSOLA/(14826:14826): Se enviaron todas las instrucciones y los segmentos!

[INFO] 22:56:49:096 CONSOLA/(14826:14826): Mensaje de confirmacion del Kernel : Quedate tranqui Consola, llego todo lo que mandaste ;)


[INFO] 22:56:49:096 CONSOLA/(14826:14826): Consola en espera de nuevos mensajes del kernel..
[INFO] 22:56:50:422 CONSOLA/(14896:14896): 
 Iniciando consola...
[INFO] 22:56:50:425 CONSOLA/(14896:14896): Se parsearon #Instrucciones: 4
[INFO] 22:56:50:425 CONSOLA/(14896:14896): Se enviaron todas las instrucciones y los segmentos!

[INFO] 22:56:50:425 CONSOLA/(14896:14896): Mensaje de confirmacion del Kernel : Quedate tranqui Consola, llego todo lo que mandaste ;)


[INFO] 22:56:50:425 CONSOLA/(14896:14896): Consola en espera de nuevos mensajes del kernel..
[INFO] 22:56:51:775 CONSOLA/(14966:14966): 
 Iniciando consola...
[INFO] 22:56:51:778 CONSOLA/(14966:14966): Se parsearon #Instrucciones: 14
[INFO] 22:56:51:778 CONSOLA/(14966:14966): Se enviaron todas las instrucciones y los segmentos!

[INFO] 22:56:51:778 CONSOLA/(14966:14966): Mensaje de confirmacion del Kernel : Quedate tranqui Consola, llego todo lo que mandaste ;)


[INFO] 22:56:51:778 CONSOLA/(14966:14966): Consola en espera de nuevos mensajes del kernel..
[INFO] 22:57:45:847 CONSOLA/(15731:15731): 
 Iniciando consola...
[INFO] 22:57:45:848 CONSOLA/(15731:15731): Se parsearon #Instrucciones: 14
[INFO] 22:57:45:848 CONSOLA/(15731:15731): Se enviaron todas las instrucciones y los segmentos!

[INFO] 22:57:45:848 CONSOLA/(15731:15731): Mensaje de confirmacion del Kernel : Quedate tranqui Consola, llego todo lo que mandaste ;)


[INFO] 22:57:45:848 CONSOLA/(15731:15731): Consola en espera de nuevos mensajes del kernel..
[INFO] 22:57:47:032 CONSOLA/(15783:15783): 
 Iniciando consola...
[INFO] 22:57:47:032 CONSOLA/(15783:15783): Se parsearon #Instrucciones: 4
[INFO] 22:57:47:032 CONSOLA/(15783:15783): Se enviaron todas las instrucciones y los segmentos!

[INFO] 22:57:47:032 CONSOLA/(15783:15783): Mensaje de confirmacion del Kernel : Quedate tranqui Consola, llego todo lo que mandaste ;)


[INFO] 22:57:47:032 CONSOLA/(15783:15783): Consola en espera de nuevos mensajes del kernel..
[INFO] 22:57:48:254 CONSOLA/(15862:15862): 
 Iniciando consola...
[INFO] 22:57:48:258 CONSOLA/(15862:15862): Se parsearon #Instrucciones: 14
[INFO] 22:57:48:259 CONSOLA/(15862:15862): Se enviaron todas las instrucciones y los segmentos!

[INFO] 22:57:48:259 CONSOLA/(15862:15862): Mensaje de confirmacion del Kernel : Quedate tranqui Consola, llego todo lo que mandaste ;)


[INFO] 22:57:48:259 CONSOLA/(15862:15862): Consola en espera de nuevos mensajes del kernel..
[INFO] 22:58:46:244 CONSOLA/(16644:16644): 
 Iniciando consola...
[INFO] 22:58:46:244 CONSOLA/(16644:16644): Se parsearon #Instrucciones: 14
[INFO] 22:58:46:245 CONSOLA/(16644:16644): Se enviaron todas las instrucciones y los segmentos!

[INFO] 22:58:46:245 CONSOLA/(16644:16644): Mensaje de confirmacion del Kernel : Quedate tranqui Consola, llego todo lo que mandaste ;)


[INFO] 22:58:46:245 CONSOLA/(16644:16644): Consola en espera de nuevos mensajes del kernel..
[INFO] 22:58:47:551 CONSOLA/(16691:16691): 
 Iniciando consola...
[INFO] 22:58:47:553 CONSOLA/(16691:16691): Se parsearon #Instrucciones: 4
[INFO] 22:58:47:553 CONSOLA/(16691:16691): Se enviaron todas las instrucciones y los segmentos!

[INFO] 22:58:47:553 CONSOLA/(16691:16691): Mensaje de confirmacion del Kernel : Quedate tranqui Consola, llego todo lo que mandaste ;)


[INFO] 22:58:47:553 CONSOLA/(16691:16691): Consola en espera de nuevos mensajes del kernel..
[INFO] 22:58:49:049 CONSOLA/(16760:16760): 
 Iniciando consola...
[INFO] 22:58:49:051 CONSOLA/(16760:16760): Se parsearon #Instrucciones: 14
[INFO] 22:58:49:051 CONSOLA/(16760:16760): Se enviaron todas las instrucciones y los segmentos!

[INFO] 22:58:49:052 CONSOLA/(16760:16760): Mensaje de confirmacion del Kernel : Quedate tranqui Consola, llego todo lo que mandaste ;)


[INFO] 22:58:49:052 CONSOLA/(16760:16760): Consola en espera de nuevos mensajes del kernel..
[INFO] 22:59:53:136 CONSOLA/(17545:17545): 
 Iniciando consola...
[INFO] 22:59:53:137 CONSOLA/(17545:17545): Se parsearon #Instrucciones: 14
[INFO] 22:59:53:138 CONSOLA/(17545:17545): Se enviaron todas las instrucciones y los segmentos!

[INFO] 22:59:53:138 CONSOLA/(17545:17545): Mensaje de confirmacion del Kernel : Quedate tranqui Consola, llego todo lo que mandaste ;)


[INFO] 22:59:53:138 CONSOLA/(17545:17545): Consola en espera de nuevos mensajes del kernel..
[INFO] 22:59:54:478 CONSOLA/(17593:17593): 
 Iniciando consola...
[INFO] 22:59:54:482 CONSOLA/(17593:17593): Se parsearon #Instrucciones: 4
[INFO] 22:59:54:483 CONSOLA/(17593:17593): Se enviaron todas las instrucciones y los segmentos!

[INFO] 22:59:54:483 CONSOLA/(17593:17593): Mensaje de confirmacion del Kernel : Quedate tranqui Consola, llego todo lo que mandaste ;)


[INFO] 22:59:54:483 CONSOLA/(17593:17593): Consola en espera de nuevos mensajes del kernel..
[INFO] 22:59:56:135 CONSOLA/(17676:17676): 
 Iniciando consola...
[INFO] 22:59:56:136 CONSOLA/(17676:17676): Se parsearon #Instrucciones: 14
[INFO] 22:59:56:138 CONSOLA/(17676:17676): Se enviaron todas las instrucciones y los segmentos!

[INFO] 22:59:56:138 CONSOLA/(17676:17676): Mensaje de confirmacion del Kernel : Quedate tranqui Consola, llego todo lo que mandaste ;)


[INFO] 22:59:56:138 CONSOLA/(17676:17676): Consola en espera de nuevos mensajes del kernel..
[INFO] 23:01:46:929 CONSOLA/(18736:18736): 
 Iniciando consola...
[INFO] 23:01:46:945 CONSOLA/(18736:18736): Se parsearon #Instrucciones: 6
[INFO] 23:01:46:945 CONSOLA/(18736:18736): Se enviaron todas las instrucciones y los segmentos!

[INFO] 23:01:46:947 CONSOLA/(18736:18736): Mensaje de confirmacion del Kernel : Quedate tranqui Consola, llego todo lo que mandaste ;)


[INFO] 23:01:46:947 CONSOLA/(18736:18736): Consola en espera de nuevos mensajes del kernel..
[INFO] 23:01:47:948 CONSOLA/(18736:18736): Me llego el mensaje: solicito el ingreso de un valor por teclado

[INFO] 23:01:48:323 CONSOLA/(18802:18802): 
 Iniciando consola...
[INFO] 23:01:48:328 CONSOLA/(18802:18802): Se parsearon #Instrucciones: 11
[INFO] 23:01:48:329 CONSOLA/(18802:18802): Se enviaron todas las instrucciones y los segmentos!

[INFO] 23:01:48:329 CONSOLA/(18802:18802): Mensaje de confirmacion del Kernel : Quedate tranqui Consola, llego todo lo que mandaste ;)


[INFO] 23:01:48:329 CONSOLA/(18802:18802): Consola en espera de nuevos mensajes del kernel..
[INFO] 23:01:49:784 CONSOLA/(18880:18880): 
 Iniciando consola...
[INFO] 23:01:49:787 CONSOLA/(18880:18880): Se parsearon #Instrucciones: 8
[INFO] 23:01:49:787 CONSOLA/(18880:18880): Se enviaron todas las instrucciones y los segmentos!

[INFO] 23:01:49:787 CONSOLA/(18880:18880): Mensaje de confirmacion del Kernel : Quedate tranqui Consola, llego todo lo que mandaste ;)


[INFO] 23:01:49:788 CONSOLA/(18880:18880): Consola en espera de nuevos mensajes del kernel..
[INFO] 23:01:51:240 CONSOLA/(18933:18933): 
 Iniciando consola...
[INFO] 23:01:51:244 CONSOLA/(18933:18933): Se parsearon #Instrucciones: 7
[INFO] 23:01:51:244 CONSOLA/(18933:18933): Se enviaron todas las instrucciones y los segmentos!

[INFO] 23:01:51:244 CONSOLA/(18933:18933): Mensaje de confirmacion del Kernel : Quedate tranqui Consola, llego todo lo que mandaste ;)


[INFO] 23:01:51:244 CONSOLA/(18933:18933): Consola en espera de nuevos mensajes del kernel..
[INFO] 23:04:11:626 CONSOLA/(19904:19904): 
 Iniciando consola...
[INFO] 23:04:11:628 CONSOLA/(19904:19904): Se parsearon #Instrucciones: 6
[INFO] 23:04:11:628 CONSOLA/(19904:19904): Se enviaron todas las instrucciones y los segmentos!

[INFO] 23:04:11:630 CONSOLA/(19904:19904): Mensaje de confirmacion del Kernel : Quedate tranqui Consola, llego todo lo que mandaste ;)


[INFO] 23:04:11:630 CONSOLA/(19904:19904): Consola en espera de nuevos mensajes del kernel..
[INFO] 23:04:12:631 CONSOLA/(19904:19904): Me llego el mensaje: solicito el ingreso de un valor por teclado

[INFO] 23:04:12:788 CONSOLA/(19955:19955): 
 Iniciando consola...
[INFO] 23:04:12:790 CONSOLA/(19955:19955): Se parsearon #Instrucciones: 11
[INFO] 23:04:12:791 CONSOLA/(19955:19955): Se enviaron todas las instrucciones y los segmentos!

[INFO] 23:04:12:791 CONSOLA/(19955:19955): Mensaje de confirmacion del Kernel : Quedate tranqui Consola, llego todo lo que mandaste ;)


[INFO] 23:04:12:791 CONSOLA/(19955:19955): Consola en espera de nuevos mensajes del kernel..
[INFO] 23:04:14:649 CONSOLA/(20051:20051): 
 Iniciando consola...
[INFO] 23:04:14:650 CONSOLA/(20051:20051): Se parsearon #Instrucciones: 8
[INFO] 23:04:14:650 CONSOLA/(20051:20051): Se enviaron todas las instrucciones y los segmentos!

[INFO] 23:04:14:650 CONSOLA/(20051:20051): Mensaje de confirmacion del Kernel : Quedate tranqui Consola, llego todo lo que mandaste ;)


[INFO] 23:04:14:650 CONSOLA/(20051:20051): Consola en espera de nuevos mensajes del kernel..
[INFO] 23:04:17:104 CONSOLA/(20114:20114): 
 Iniciando consola...
[INFO] 23:04:17:107 CONSOLA/(20114:20114): Se parsearon #Instrucciones: 7
[INFO] 23:04:17:108 CONSOLA/(20114:20114): Se enviaron todas las instrucciones y los segmentos!

[INFO] 23:04:17:108 CONSOLA/(20114:20114): Mensaje de confirmacion del Kernel : Quedate tranqui Consola, llego todo lo que mandaste ;)


[INFO] 23:04:17:108 CONSOLA/(20114:20114): Consola en espera de nuevos mensajes del kernel..
