[INFO] 19:48:46:587 MEMORIA/(5717:5719): Servidor listo para recibir al cpu
[INFO] 19:48:46:587 MEMORIA/(5717:5718): Servidor listo para recibir al kernel
[INFO] 19:50:03:535 MEMORIA/(5831:5833): Servidor listo para recibir al cpu
[INFO] 19:50:03:535 MEMORIA/(5831:5832): Servidor listo para recibir al kernel
[INFO] 19:50:29:107 MEMORIA/(5831:5832): Se conecto un cliente!
[INFO] 19:50:29:107 MEMORIA/(5831:5832): Me llego el mensaje soy el dispatch
[INFO] 19:54:17:681 MEMORIA/(6240:6242): Servidor listo para recibir al cpu
[INFO] 19:54:17:684 MEMORIA/(6240:6241): Servidor listo para recibir al kernel
[INFO] 19:54:25:812 MEMORIA/(6240:6242): Se conecto un cliente!
[INFO] 19:54:25:812 MEMORIA/(6240:6242): Me llego el mensaje soy el dispatch
[ERROR] 19:56:20:105 MEMORIA/(6240:6242): el cliente se desconecto. Terminando servidor
[INFO] 19:56:28:538 MEMORIA/(6476:6478): Servidor listo para recibir al cpu
[INFO] 19:56:28:540 MEMORIA/(6476:6477): Servidor listo para recibir al kernel
[INFO] 19:56:35:602 MEMORIA/(6476:6478): Se conecto un cliente!
[INFO] 19:56:35:602 MEMORIA/(6476:6478): Me llego el mensaje hola memoria, soy el cpu
[INFO] 19:58:06:724 MEMORIA/(6476:6477): Se conecto un cliente!
[INFO] 19:58:06:724 MEMORIA/(6476:6477): Me llego el mensaje hola memoria, soy el kernel
[ERROR] 20:00:50:337 MEMORIA/(6476:6477): el cliente se desconecto. Terminando servidor
[ERROR] 20:00:50:340 MEMORIA/(6476:6478): el cliente se desconecto. Terminando servidor
[INFO] 20:22:27:337 MEMORIA/(8380:8382): Servidor listo para recibir al cpu
[INFO] 20:22:27:337 MEMORIA/(8380:8381): Servidor listo para recibir al kernel
[INFO] 20:22:36:280 MEMORIA/(8380:8382): Se conecto un cliente!
[INFO] 20:22:36:280 MEMORIA/(8380:8382): Me llego el mensaje hola memoria, soy el cpu
[INFO] 20:22:54:855 MEMORIA/(8380:8381): Se conecto un cliente!
[INFO] 20:22:54:855 MEMORIA/(8380:8381): Me llego el mensaje hola memoria, soy el kernel
[ERROR] 20:22:54:855 MEMORIA/(8380:8381): el cliente se desconecto. Terminando servidor
[ERROR] 20:22:54:856 MEMORIA/(8380:8382): el cliente se desconecto. Terminando servidor
[INFO] 20:40:57:347 MEMORIA/(10291:10293): Servidor listo para recibir al cpu
[INFO] 20:40:57:347 MEMORIA/(10291:10292): Servidor listo para recibir al kernel
[INFO] 20:41:22:560 MEMORIA/(10291:10293): Se conecto un cliente!
[INFO] 20:42:25:544 MEMORIA/(10291:10293): Me llegaron los siguientes valores:
[INFO] 20:42:25:544 MEMORIA/(10291:10293): aA
[INFO] 20:42:25:544 MEMORIA/(10291:10293): AAA
[INFO] 20:42:54:936 MEMORIA/(10291:10292): Se conecto un cliente!
[INFO] 20:43:26:280 MEMORIA/(10291:10292): Me llegaron los siguientes valores:
[INFO] 20:43:26:280 MEMORIA/(10291:10292): hola 
[INFO] 20:49:58:116 MEMORIA/(11229:11231): Servidor listo para recibir al cpu
[INFO] 20:49:58:116 MEMORIA/(11229:11230): Servidor listo para recibir al kernel
[INFO] 20:50:18:482 MEMORIA/(11229:11231): Se conecto un cliente!
[INFO] 20:50:18:482 MEMORIA/(11229:11231): Me llego el mensaje hola memoria, soy el cpu
[INFO] 20:50:31:959 MEMORIA/(11229:11230): Se conecto un cliente!
[INFO] 20:50:31:959 MEMORIA/(11229:11230): Me llego el mensaje hola memoria, soy el kernel
[ERROR] 20:53:40:817 MEMORIA/(11229:11230): el cliente se desconecto. Terminando servidor
[ERROR] 20:53:40:819 MEMORIA/(11229:11231): el cliente se desconecto. Terminando servidor
[INFO] 23:08:33:040 MEMORIA/(13833:13835): Servidor listo para recibir al cpu
[INFO] 23:08:33:040 MEMORIA/(13833:13834): Servidor listo para recibir al kernel
[INFO] 23:10:16:724 MEMORIA/(13833:13835): Se conecto un cliente!
[INFO] 23:10:16:724 MEMORIA/(13833:13835): Me llego el mensaje hola memoria, soy el cpu
[INFO] 23:11:44:313 MEMORIA/(13833:13834): Se conecto un cliente!
[INFO] 23:11:44:313 MEMORIA/(13833:13834): Me llego el mensaje hola memoria, soy el kernel
[ERROR] 23:15:25:355 MEMORIA/(13833:13834): el cliente se desconecto. Terminando servidor
[ERROR] 23:15:25:370 MEMORIA/(13833:13835): el cliente se desconecto. Terminando servidor
[INFO] 02:21:24:738 MEMORIA/(18059:18061): Servidor listo para recibir al cpu
[INFO] 02:21:24:740 MEMORIA/(18059:18060): Servidor listo para recibir al kernel
[INFO] 02:21:47:531 MEMORIA/(18059:18061): Se conecto un cliente!
[INFO] 02:21:47:532 MEMORIA/(18059:18061): Me llego el mensaje hola memoria, soy el cpu
[INFO] 02:32:31:315 MEMORIA/(18059:18060): Se conecto un cliente!
[INFO] 02:32:31:315 MEMORIA/(18059:18060): Me llego el mensaje hola memoria, soy el kernel
[ERROR] 02:35:39:153 MEMORIA/(18059:18060): el cliente se desconecto. Terminando servidor
[ERROR] 02:35:39:153 MEMORIA/(18059:18061): el cliente se desconecto. Terminando servidor
[INFO] 02:37:29:026 MEMORIA/(19315:19317): Servidor listo para recibir al cpu
[INFO] 02:37:29:028 MEMORIA/(19315:19316): Servidor listo para recibir al kernel
[INFO] 02:37:33:170 MEMORIA/(19315:19317): Se conecto un cliente!
[INFO] 02:37:33:171 MEMORIA/(19315:19317): Me llego el mensaje hola memoria, soy el cpu
[INFO] 02:37:37:827 MEMORIA/(19315:19316): Se conecto un cliente!
[INFO] 02:37:37:827 MEMORIA/(19315:19316): Me llego el mensaje hola memoria, soy el kernel
[INFO] 22:59:10:151 MEMORIA/(26430:26432): Servidor listo para recibir al cpu
[INFO] 22:59:10:151 MEMORIA/(26430:26431): Servidor listo para recibir al kernel
[INFO] 22:59:23:583 MEMORIA/(26430:26432): Se conecto un cliente!
[INFO] 22:59:23:583 MEMORIA/(26430:26432): Me llego el mensaje hola memoria, soy el cpu
[INFO] 22:59:37:828 MEMORIA/(26430:26431): Se conecto un cliente!
[INFO] 22:59:37:828 MEMORIA/(26430:26431): Me llego el mensaje hola memoria, soy el kernel
[INFO] 23:01:33:824 MEMORIA/(27022:27024): Servidor listo para recibir al cpu
[INFO] 23:01:33:824 MEMORIA/(27022:27023): Servidor listo para recibir al kernel
[INFO] 23:01:39:611 MEMORIA/(27022:27024): Se conecto un cliente!
[INFO] 23:01:39:611 MEMORIA/(27022:27024): Me llego el mensaje hola memoria, soy el cpu
[INFO] 23:01:46:430 MEMORIA/(27022:27023): Se conecto un cliente!
[INFO] 23:01:46:430 MEMORIA/(27022:27023): Me llego el mensaje hola memoria, soy el kernel
[ERROR] 23:08:28:298 MEMORIA/(27022:27023): el cliente se desconecto. Terminando servidor
[ERROR] 23:08:28:300 MEMORIA/(27022:27024): el cliente se desconecto. Terminando servidor
[INFO] 23:15:00:842 MEMORIA/(19412:19414): Servidor listo para recibir al cpu
[INFO] 23:15:00:843 MEMORIA/(19412:19413): Servidor listo para recibir al kernel
[INFO] 23:15:38:184 MEMORIA/(19412:19414): Se conecto un cliente!
[INFO] 23:15:38:185 MEMORIA/(19412:19414): Me llego el mensaje hola memoria, soy el cpu
[INFO] 23:16:00:216 MEMORIA/(19412:19413): Se conecto un cliente!
[INFO] 23:16:00:216 MEMORIA/(19412:19413): Me llego el mensaje hola memoria, soy el kernel
[INFO] 01:18:42:919 MEMORIA/(20126:20128): Servidor listo para recibir al cpu
[INFO] 01:18:42:919 MEMORIA/(20126:20128): Se conecto un cliente!
[ERROR] 01:18:42:919 MEMORIA/(20126:20128): el cliente se desconecto. Terminando servidor
[INFO] 01:18:42:920 MEMORIA/(20126:20127): Servidor listo para recibir al kernel
[INFO] 01:18:42:920 MEMORIA/(20126:20127): Se conecto un cliente!
[ERROR] 01:18:42:920 MEMORIA/(20126:20127): el cliente se desconecto. Terminando servidor
[ERROR] 01:19:03:884 MEMORIA/(19412:19413): el cliente se desconecto. Terminando servidor
[ERROR] 01:19:03:884 MEMORIA/(19412:19414): el cliente se desconecto. Terminando servidor
[INFO] 01:19:14:713 MEMORIA/(20170:20172): Servidor listo para recibir al cpu
[INFO] 01:19:14:713 MEMORIA/(20170:20171): Servidor listo para recibir al kernel
[INFO] 01:19:19:202 MEMORIA/(20170:20172): Se conecto un cliente!
[INFO] 01:19:19:202 MEMORIA/(20170:20172): Me llego el mensaje hola memoria, soy el cpu
[INFO] 01:19:23:972 MEMORIA/(20170:20171): Se conecto un cliente!
[INFO] 01:19:23:972 MEMORIA/(20170:20171): Me llego el mensaje hola memoria, soy el kernel
[ERROR] 01:21:27:314 MEMORIA/(20170:20171): el cliente se desconecto. Terminando servidor
[ERROR] 01:21:27:315 MEMORIA/(20170:20172): el cliente se desconecto. Terminando servidor
[INFO] 01:21:35:340 MEMORIA/(20378:20380): Servidor listo para recibir al cpu
[INFO] 01:21:35:342 MEMORIA/(20378:20379): Servidor listo para recibir al kernel
[INFO] 01:21:41:120 MEMORIA/(20378:20380): Se conecto un cliente!
[INFO] 01:21:41:121 MEMORIA/(20378:20380): Me llego el mensaje hola memoria, soy el cpu
[ERROR] 01:35:51:003 MEMORIA/(20378:20380): el cliente se desconecto. Terminando servidor
[INFO] 22:32:32:917 MEMORIA/(3996:3998): Servidor listo para recibir al cpu
[INFO] 22:32:32:917 MEMORIA/(3996:3997): Servidor listo para recibir al kernel
[INFO] 22:33:31:853 MEMORIA/(3996:3998): Se conecto un cliente!
[INFO] 22:33:31:853 MEMORIA/(3996:3998): Me llego el mensaje hola memoria, soy el cpu
[INFO] 22:33:48:778 MEMORIA/(3996:3997): Se conecto un cliente!
[INFO] 22:33:48:779 MEMORIA/(3996:3997): Me llego el mensaje hola memoria, soy el kernel
[ERROR] 22:39:06:604 MEMORIA/(3996:3997): el cliente se desconecto. Terminando servidor
[ERROR] 22:39:06:605 MEMORIA/(3996:3998): el cliente se desconecto. Terminando servidor
[INFO] 22:39:19:166 MEMORIA/(4296:4298): Servidor listo para recibir al cpu
[INFO] 22:39:19:167 MEMORIA/(4296:4297): Servidor listo para recibir al kernel
[INFO] 22:39:23:897 MEMORIA/(4296:4298): Se conecto un cliente!
[INFO] 22:39:23:897 MEMORIA/(4296:4298): Me llego el mensaje hola memoria, soy el cpu
[INFO] 22:39:30:540 MEMORIA/(4296:4297): Se conecto un cliente!
[INFO] 22:39:30:540 MEMORIA/(4296:4297): Me llego el mensaje hola memoria, soy el kernel
[INFO] 22:41:12:350 MEMORIA/(4501:4503): Servidor listo para recibir al cpu
[INFO] 22:41:12:351 MEMORIA/(4501:4502): Servidor listo para recibir al kernel
[INFO] 22:41:17:190 MEMORIA/(4501:4503): Se conecto un cliente!
[INFO] 22:41:17:191 MEMORIA/(4501:4503): Me llego el mensaje hola memoria, soy el cpu
[INFO] 22:41:20:388 MEMORIA/(4501:4502): Se conecto un cliente!
[INFO] 22:41:20:389 MEMORIA/(4501:4502): Me llego el mensaje hola memoria, soy el kernel
[ERROR] 23:03:17:269 MEMORIA/(4501:4502): el cliente se desconecto. Terminando servidor
[ERROR] 23:03:17:269 MEMORIA/(4501:4503): el cliente se desconecto. Terminando servidor
[INFO] 23:03:21:409 MEMORIA/(5069:5071): Servidor listo para recibir al cpu
[INFO] 23:03:21:410 MEMORIA/(5069:5070): Servidor listo para recibir al kernel
[INFO] 23:03:26:585 MEMORIA/(5069:5071): Se conecto un cliente!
[INFO] 23:03:26:586 MEMORIA/(5069:5071): Me llego el mensaje hola memoria, soy el cpu
[INFO] 23:03:31:914 MEMORIA/(5069:5070): Se conecto un cliente!
[INFO] 23:03:31:914 MEMORIA/(5069:5070): Me llego el mensaje hola memoria, soy el kernel
