[INFO] 00:54:04:931 PROCESO1/(11565:11565): Soy el proceso 1! Hice uso de la shared!
[INFO] 01:18:04:208 PROCESO1/(13479:13479): Soy el proceso 1! Hice uso de la shared!
[INFO] 01:53:35:265 CPU/(6872:6872): Soy la Cpu! Hice uso de la shared!
[INFO] 21:51:33:683 creacionLogger/(11172:11172): Hola! Soy el CPU
[INFO] 00:25:29:116 CPU/(9199:9201): Servidor listo para recibir al interrupt kernel
[INFO] 00:25:29:117 CPU/(9199:9200): Servidor listo para recibir al dispatch kernel
[INFO] 00:27:33:840 CPU/(9372:9374): Servidor listo para recibir al interrupt kernel
[INFO] 00:27:33:841 CPU/(9372:9373): Servidor listo para recibir al dispatch kernel
[INFO] 00:29:55:163 CPU/(9561:9563): Servidor listo para recibir al interrupt kernel
[INFO] 00:29:55:163 CPU/(9561:9562): Servidor listo para recibir al dispatch kernel
[INFO] 00:30:08:651 CPU/(9561:9562): Se conecto un cliente!
[INFO] 00:41:24:997 CPU/(10646:10648): Servidor listo para recibir al interrupt kernel
[INFO] 00:41:24:997 CPU/(10646:10647): Servidor listo para recibir al dispatch kernel
[INFO] 00:44:19:682 CPU/(10646:10647): Se conecto un cliente!
[INFO] 00:50:14:676 CPU/(11548:11550): Servidor listo para recibir al interrupt kernel
[INFO] 00:50:14:676 CPU/(11548:11549): Servidor listo para recibir al dispatch kernel
[INFO] 00:50:34:765 CPU/(11548:11549): Se conecto un cliente!
[INFO] 00:52:13:802 CPU/(11933:11935): Servidor listo para recibir al interrupt kernel
[INFO] 00:52:13:803 CPU/(11933:11934): Servidor listo para recibir al dispatch kernel
[INFO] 00:52:24:806 CPU/(11933:11934): Se conecto un cliente!
[INFO] 00:54:01:696 CPU/(12270:12272): Servidor listo para recibir al interrupt kernel
[INFO] 00:54:01:697 CPU/(12270:12271): Servidor listo para recibir al dispatch kernel
[INFO] 00:54:11:253 CPU/(12270:12271): Se conecto un cliente!
[INFO] 00:55:10:288 CPU/(12463:12465): Servidor listo para recibir al interrupt kernel
[INFO] 00:55:10:290 CPU/(12463:12464): Servidor listo para recibir al dispatch kernel
[INFO] 01:01:14:000 CPU/(13048:13050): Servidor listo para recibir al interrupt kernel
[INFO] 01:01:14:000 CPU/(13048:13049): Servidor listo para recibir al dispatch kernel
[INFO] 01:01:24:489 CPU/(13048:13050): Se conecto un cliente!
[INFO] 01:01:24:489 CPU/(13048:13049): Se conecto un cliente!
[INFO] 01:08:37:711 CPU/(13698:13700): Servidor listo para recibir al interrupt kernel
[INFO] 01:08:37:713 CPU/(13698:13699): Servidor listo para recibir al dispatch kernel
[INFO] 01:08:44:500 CPU/(13698:13700): Se conecto un cliente!
[INFO] 01:08:44:501 CPU/(13698:13700): Me llego el mensaje soy el interrupt
[INFO] 01:08:44:501 CPU/(13698:13699): Se conecto un cliente!
[INFO] 01:08:44:501 CPU/(13698:13699): Me llego el mensaje soy el dispatch
[ERROR] 01:08:44:514 CPU/(13698:13700): el cliente se desconecto. Terminando servidor
[ERROR] 01:08:44:514 CPU/(13698:13699): el cliente se desconecto. Terminando servidor
[INFO] 01:10:01:932 CPU/(14070:14072): Servidor listo para recibir al interrupt kernel
[INFO] 01:10:01:934 CPU/(14070:14071): Servidor listo para recibir al dispatch kernel
[INFO] 01:10:08:716 CPU/(14070:14072): Se conecto un cliente!
[INFO] 01:10:08:716 CPU/(14070:14072): Me llego el mensaje soy el interrupt
[INFO] 01:10:08:716 CPU/(14070:14071): Se conecto un cliente!
[INFO] 01:10:08:716 CPU/(14070:14071): Me llego el mensaje soy el dispatch
[ERROR] 01:11:25:726 CPU/(14070:14072): el cliente se desconecto. Terminando servidor
[ERROR] 01:11:25:726 CPU/(14070:14071): el cliente se desconecto. Terminando servidor
[INFO] 18:24:27:886 CPU/(1987:1989): Servidor listo para recibir al interrupt kernel
[INFO] 18:24:27:886 CPU/(1987:1988): Servidor listo para recibir al dispatch kernel
[INFO] 18:24:43:861 CPU/(1987:1989): Se conecto un cliente!
[INFO] 18:24:43:861 CPU/(1987:1989): Me llego el mensaje soy el interrupt
[INFO] 18:24:43:861 CPU/(1987:1988): Se conecto un cliente!
[INFO] 18:24:43:861 CPU/(1987:1988): Me llego el mensaje soy el dispatch
[ERROR] 18:35:29:465 CPU/(1987:1988): el cliente se desconecto. Terminando servidor
[ERROR] 18:35:29:465 CPU/(1987:1989): el cliente se desconecto. Terminando servidor
[INFO] 18:35:38:134 CPU/(2755:2757): Servidor listo para recibir al interrupt kernel
[INFO] 18:35:38:135 CPU/(2755:2756): Servidor listo para recibir al dispatch kernel
[INFO] 18:35:47:601 CPU/(2755:2757): Se conecto un cliente!
[INFO] 18:35:47:601 CPU/(2755:2757): Me llego el mensaje soy el interrupt
[INFO] 18:35:47:601 CPU/(2755:2756): Se conecto un cliente!
[INFO] 18:35:47:601 CPU/(2755:2756): Me llego el mensaje soy el dispatch
[ERROR] 19:05:29:858 CPU/(2755:2756): el cliente se desconecto. Terminando servidor
[ERROR] 19:05:29:858 CPU/(2755:2757): el cliente se desconecto. Terminando servidor
[INFO] 19:50:29:107 CPU/(5965:5967): Servidor listo para recibir al interrupt kernel
[INFO] 19:50:29:107 CPU/(5965:5966): Servidor listo para recibir al dispatch kernel
[INFO] 19:54:25:812 CPU/(6303:6305): Servidor listo para recibir al interrupt kernel
[INFO] 19:54:25:812 CPU/(6303:6304): Servidor listo para recibir al dispatch kernel
[INFO] 19:56:35:602 CPU/(6533:6535): Servidor listo para recibir al interrupt kernel
[INFO] 19:56:35:602 CPU/(6533:6534): Servidor listo para recibir al dispatch kernel
[INFO] 19:58:06:724 CPU/(6533:6535): Se conecto un cliente!
[INFO] 19:58:06:724 CPU/(6533:6535): Me llego el mensaje soy el interrupt
[INFO] 19:58:06:725 CPU/(6533:6534): Se conecto un cliente!
[INFO] 19:58:06:725 CPU/(6533:6534): Me llego el mensaje soy el dispatch
[ERROR] 20:00:50:337 CPU/(6533:6535): el cliente se desconecto. Terminando servidor
[ERROR] 20:00:50:337 CPU/(6533:6534): el cliente se desconecto. Terminando servidor
[INFO] 20:22:36:280 CPU/(8495:8497): Servidor listo para recibir al interrupt kernel
[INFO] 20:22:36:280 CPU/(8495:8496): Servidor listo para recibir al dispatch kernel
[INFO] 20:22:54:855 CPU/(8495:8497): Se conecto un cliente!
[INFO] 20:22:54:855 CPU/(8495:8497): Me llego el mensaje soy el interrupt
[ERROR] 20:22:54:855 CPU/(8495:8497): el cliente se desconecto. Terminando servidor
[INFO] 20:22:54:855 CPU/(8495:8496): Se conecto un cliente!
[INFO] 20:22:54:855 CPU/(8495:8496): Me llego el mensaje soy el dispatch
[ERROR] 20:22:54:855 CPU/(8495:8496): el cliente se desconecto. Terminando servidor
[INFO] 20:41:22:562 CPU/(10358:10360): Servidor listo para recibir al interrupt kernel
[INFO] 20:41:22:562 CPU/(10358:10359): Servidor listo para recibir al dispatch kernel
[INFO] 20:42:54:940 CPU/(10358:10360): Se conecto un cliente!
[INFO] 20:42:54:940 CPU/(10358:10360): Me llego el mensaje soy el interrupt
[INFO] 20:42:54:940 CPU/(10358:10359): Se conecto un cliente!
[INFO] 20:42:54:940 CPU/(10358:10359): Me llego el mensaje soy el dispatch
[INFO] 20:45:11:940 CPU/(10358:10360): Me llegaron los siguientes valores:
[INFO] 20:45:11:940 CPU/(10358:10360): bu
[INFO] 20:45:11:940 CPU/(10358:10360): enaaas
[INFO] 20:45:11:940 CPU/(10358:10360): ss
[INFO] 20:45:11:940 CPU/(10358:10360): dsd
[INFO] 20:50:18:482 CPU/(11285:11287): Servidor listo para recibir al interrupt kernel
[INFO] 20:50:18:482 CPU/(11285:11286): Servidor listo para recibir al dispatch kernel
[INFO] 20:50:31:959 CPU/(11285:11287): Se conecto un cliente!
[INFO] 20:50:31:959 CPU/(11285:11287): Me llego el mensaje soy el interrupt
[INFO] 20:50:31:960 CPU/(11285:11286): Se conecto un cliente!
[INFO] 20:50:31:960 CPU/(11285:11286): Me llego el mensaje soy el dispatch
[ERROR] 20:53:40:816 CPU/(11285:11287): el cliente se desconecto. Terminando servidor
[ERROR] 20:53:40:817 CPU/(11285:11286): el cliente se desconecto. Terminando servidor
[INFO] 23:10:16:724 CPU/(13921:13923): Servidor listo para recibir al interrupt kernel
[INFO] 23:10:16:724 CPU/(13921:13922): Servidor listo para recibir al dispatch kernel
[INFO] 23:11:44:313 CPU/(13921:13923): Se conecto un cliente!
[INFO] 23:11:44:313 CPU/(13921:13923): Me llego el mensaje soy el interrupt
[INFO] 23:11:44:313 CPU/(13921:13922): Se conecto un cliente!
[INFO] 23:11:44:314 CPU/(13921:13922): Me llego el mensaje soy el dispatch
[ERROR] 23:15:25:354 CPU/(13921:13923): el cliente se desconecto. Terminando servidor
[ERROR] 23:15:25:354 CPU/(13921:13922): el cliente se desconecto. Terminando servidor
[INFO] 01:50:55:236 CPU/(15072:15077): Servidor listo para recibir al dispatch kernel
[INFO] 01:50:55:236 CPU/(15072:15078): Servidor listo para recibir al interrupt kernel
[INFO] 02:21:47:532 CPU/(18167:18169): Servidor listo para recibir al interrupt kernel
[INFO] 02:21:47:534 CPU/(18167:18168): Servidor listo para recibir al dispatch kernel
[INFO] 02:32:31:315 CPU/(18167:18169): Se conecto un cliente!
[INFO] 02:32:31:315 CPU/(18167:18169): Me llego el mensaje soy el interrupt
[INFO] 02:32:31:315 CPU/(18167:18168): Se conecto un cliente!
[INFO] 02:32:31:315 CPU/(18167:18168): Me llego el mensaje soy el dispatch
[ERROR] 02:35:39:152 CPU/(18167:18169): el cliente se desconecto. Terminando servidor
[ERROR] 02:35:39:153 CPU/(18167:18168): el cliente se desconecto. Terminando servidor
[INFO] 02:37:33:172 CPU/(19344:19346): Servidor listo para recibir al interrupt kernel
[INFO] 02:37:33:172 CPU/(19344:19345): Servidor listo para recibir al dispatch kernel
[INFO] 02:37:37:828 CPU/(19344:19346): Se conecto un cliente!
[INFO] 02:37:37:828 CPU/(19344:19346): Me llego el mensaje soy el interrupt
[INFO] 02:37:37:828 CPU/(19344:19345): Se conecto un cliente!
[INFO] 02:37:37:828 CPU/(19344:19345): Me llego el mensaje soy el dispatch
[INFO] 00:55:42:724 CPU/(24218:24220): Servidor listo para recibir al interrupt kernel
[INFO] 00:55:42:724 CPU/(24218:24219): Servidor listo para recibir al dispatch kernel
[INFO] 00:55:54:510 CPU/(24218:24219): Se conecto un cliente!
[INFO] 00:55:54:510 CPU/(24218:24220): Se conecto un cliente!
[INFO] 00:55:54:510 CPU/(24218:24219): Me llego el mensaje soy el dispatch
[INFO] 00:55:54:510 CPU/(24218:24220): Me llego el mensaje soy el interrupt
[ERROR] 00:57:16:651 CPU/(24218:24220): el cliente se desconecto. Terminando servidor
[ERROR] 00:57:16:652 CPU/(24218:24219): el cliente se desconecto. Terminando servidor
[INFO] 00:57:30:058 CPU/(24586:24588): Servidor listo para recibir al interrupt kernel
[INFO] 00:57:30:058 CPU/(24586:24587): Servidor listo para recibir al dispatch kernel
[INFO] 00:57:39:692 CPU/(24586:24588): Se conecto un cliente!
[INFO] 00:57:39:692 CPU/(24586:24588): Me llego el mensaje soy el interrupt
[INFO] 00:57:39:692 CPU/(24586:24587): Se conecto un cliente!
[INFO] 00:57:39:692 CPU/(24586:24587): Me llegaron los siguientes valores:
[INFO] 00:57:39:692 CPU/(24586:24587): Daniela
[ERROR] 01:02:17:152 CPU/(24586:24588): el cliente se desconecto. Terminando servidor
[ERROR] 01:02:17:152 CPU/(24586:24587): el cliente se desconecto. Terminando servidor
[INFO] 01:02:25:370 CPU/(25072:25074): Servidor listo para recibir al interrupt kernel
[INFO] 01:02:25:370 CPU/(25072:25073): Servidor listo para recibir al dispatch kernel
[INFO] 01:02:29:898 CPU/(25072:25074): Se conecto un cliente!
[INFO] 01:02:29:898 CPU/(25072:25074): Me llego el mensaje soy el interrupt
[INFO] 01:02:29:898 CPU/(25072:25073): Se conecto un cliente!
[INFO] 01:02:29:898 CPU/(25072:25073): Me llegaron los siguientes valores:
[INFO] 01:02:29:898 CPU/(25072:25073): Daniela
[ERROR] 01:04:47:501 CPU/(25072:25074): el cliente se desconecto. Terminando servidor
[ERROR] 01:04:47:501 CPU/(25072:25073): el cliente se desconecto. Terminando servidor
[INFO] 01:05:07:530 CPU/(25406:25408): Servidor listo para recibir al interrupt kernel
[INFO] 01:05:07:530 CPU/(25406:25407): Servidor listo para recibir al dispatch kernel
[INFO] 01:05:11:438 CPU/(25406:25408): Se conecto un cliente!
[INFO] 01:05:11:438 CPU/(25406:25408): Me llego el mensaje soy el interrupt
[INFO] 01:05:11:438 CPU/(25406:25407): Se conecto un cliente!
[INFO] 01:05:11:438 CPU/(25406:25407): Me llegaron los siguientes valores:
[INFO] 01:05:11:438 CPU/(25406:25407): Daniela
[INFO] 00:07:44:040 CPU/(4552:4554): Servidor listo para recibir al interrupt kernel
[INFO] 00:07:44:040 CPU/(4552:4553): Servidor listo para recibir al dispatch kernel
[INFO] 00:07:55:079 CPU/(4552:4554): Se conecto un cliente!
[INFO] 00:07:55:079 CPU/(4552:4554): Me llego el mensaje soy el interrupt
[INFO] 00:07:55:079 CPU/(4552:4553): Se conecto un cliente!
[INFO] 00:07:55:079 CPU/(4552:4553): Me llegaron los siguientes valores:
[INFO] 00:07:55:079 CPU/(4552:4553): Daniela
[INFO] 00:10:04:474 CPU/(4957:4959): Servidor listo para recibir al interrupt kernel
[INFO] 00:10:04:475 CPU/(4957:4958): Servidor listo para recibir al dispatch kernel
[INFO] 00:10:13:153 CPU/(4957:4959): Se conecto un cliente!
[INFO] 00:10:13:153 CPU/(4957:4959): Me llego el mensaje soy el interrupt
[INFO] 00:10:13:153 CPU/(4957:4958): Se conecto un cliente!
[ERROR] 00:10:13:457 CPU/(4957:4959): el cliente se desconecto. Terminando servidor
[ERROR] 00:10:13:457 CPU/(4957:4958): el cliente se desconecto. Terminando servidor
[INFO] 00:11:21:397 CPU/(5473:5475): Servidor listo para recibir al interrupt kernel
[INFO] 00:11:21:398 CPU/(5473:5474): Servidor listo para recibir al dispatch kernel
[INFO] 00:11:27:861 CPU/(5473:5475): Se conecto un cliente!
[INFO] 00:11:27:861 CPU/(5473:5475): Me llego el mensaje soy el interrupt
[INFO] 00:11:27:861 CPU/(5473:5474): Se conecto un cliente!
[ERROR] 00:11:28:086 CPU/(5473:5475): el cliente se desconecto. Terminando servidor
[ERROR] 00:11:28:086 CPU/(5473:5474): el cliente se desconecto. Terminando servidor
[INFO] 00:19:55:798 CPU/(6298:6300): Servidor listo para recibir al interrupt kernel
[INFO] 00:19:55:798 CPU/(6298:6299): Servidor listo para recibir al dispatch kernel
[INFO] 00:20:02:333 CPU/(6298:6300): Se conecto un cliente!
[INFO] 00:20:02:333 CPU/(6298:6300): Me llego el mensaje soy el interrupt
[INFO] 00:20:02:333 CPU/(6298:6299): Se conecto un cliente!
[ERROR] 00:20:02:620 CPU/(6298:6300): el cliente se desconecto. Terminando servidor
[ERROR] 00:20:02:620 CPU/(6298:6299): el cliente se desconecto. Terminando servidor
[INFO] 00:21:39:443 CPU/(6660:6662): Servidor listo para recibir al interrupt kernel
[INFO] 00:21:39:444 CPU/(6660:6661): Servidor listo para recibir al dispatch kernel
[INFO] 00:21:45:596 CPU/(6660:6662): Se conecto un cliente!
[INFO] 00:21:45:596 CPU/(6660:6662): Me llego el mensaje soy el interrupt
[INFO] 00:21:45:596 CPU/(6660:6661): Se conecto un cliente!
[ERROR] 00:21:45:822 CPU/(6660:6662): el cliente se desconecto. Terminando servidor
[ERROR] 00:21:45:822 CPU/(6660:6661): el cliente se desconecto. Terminando servidor
