[INFO] 03:51:31:525 Servidor/(16330:16330): Servidor listo para recibir al cliente
[INFO] 03:51:59:061 Servidor/(16426:16426): Servidor listo para recibir al cliente
[INFO] 03:52:05:479 Servidor/(16426:16426): Se conecto un cliente!
[INFO] 03:52:05:479 Servidor/(16426:16426): Me llego el mensaje valor
[INFO] 03:54:46:867 Servidor/(16426:16426): Me llegaron los siguientes valores:

[INFO] 03:54:46:867 Servidor/(16426:16426): fhgfghf
[INFO] 03:54:46:867 Servidor/(16426:16426): ghgh
[ERROR] 03:54:46:867 Servidor/(16426:16426): el cliente se desconecto. Terminando servidor
[INFO] 03:55:09:253 Servidor/(16616:16616): Servidor listo para recibir al cliente
[INFO] 03:55:14:865 Servidor/(16616:16616): Se conecto un cliente!
[INFO] 03:55:14:865 Servidor/(16616:16616): Me llego el mensaje valor
[INFO] 03:55:32:793 Servidor/(16616:16616): Me llegaron los siguientes valores:

[INFO] 03:55:32:793 Servidor/(16616:16616): We are
[INFO] 03:55:32:793 Servidor/(16616:16616): the champions
[ERROR] 03:55:32:793 Servidor/(16616:16616): el cliente se desconecto. Terminando servidor
[INFO] 04:09:45:734 Servidor/(17518:17518): Servidor listo para recibir al cliente
[INFO] 04:09:50:911 Servidor/(17518:17518): Se conecto un cliente!
[INFO] 04:09:50:911 Servidor/(17518:17518): Me llego el mensaje valor
[INFO] 04:10:23:176 Servidor/(17518:17518): Me llegaron los siguientes valores:

[INFO] 04:10:23:176 Servidor/(17518:17518): Hola personita que revisa logs :)
[INFO] 04:10:23:176 Servidor/(17518:17518): Hasta la proxima.....
[ERROR] 04:10:23:176 Servidor/(17518:17518): el cliente se desconecto. Terminando servidor
[INFO] 04:15:53:646 Servidor/(18049:18049): Servidor listo para recibir al cliente
[INFO] 04:16:00:408 Servidor/(18049:18049): Se conecto un cliente!
[INFO] 04:16:00:408 Servidor/(18049:18049): Me llego el mensaje valor
[INFO] 04:16:08:563 Servidor/(18049:18049): Me llegaron los siguientes valores:

[INFO] 04:16:08:563 Servidor/(18049:18049): fgfg
[INFO] 04:16:08:563 Servidor/(18049:18049): fgfg
[ERROR] 04:16:08:563 Servidor/(18049:18049): el cliente se desconecto. Terminando servidor
[INFO] 04:20:07:777 Servidor/(18432:18432): Servidor listo para recibir al cliente
[INFO] 04:20:11:591 Servidor/(18432:18432): Se conecto un cliente!
[INFO] 04:20:11:591 Servidor/(18432:18432): Me llego el mensaje valor
[INFO] 04:20:23:450 Servidor/(18432:18432): Me llegaron los siguientes valores:

[INFO] 04:20:23:450 Servidor/(18432:18432): Hola???
[INFO] 04:20:23:450 Servidor/(18432:18432): adios
[ERROR] 04:20:23:450 Servidor/(18432:18432): el cliente se desconecto. Terminando servidor
[INFO] 04:54:33:423 Servidor/(21835:21835): Servidor listo para recibir al cliente
[INFO] 04:54:33:425 Servidor/(21835:21835): Se conecto un cliente!
[ERROR] 04:54:33:425 Servidor/(21835:21835): el cliente se desconecto. Terminando servidor
[INFO] 04:54:58:113 Servidor/(21878:21878): Servidor listo para recibir al cliente
[INFO] 04:54:58:113 Servidor/(21878:21878): Se conecto un cliente!
[ERROR] 04:54:58:113 Servidor/(21878:21878): el cliente se desconecto. Terminando servidor
[INFO] 04:56:41:990 Servidor/(22040:22040): Servidor listo para recibir al cliente
[INFO] 04:56:41:991 Servidor/(22040:22040): Se conecto un cliente!
[ERROR] 04:56:41:991 Servidor/(22040:22040): el cliente se desconecto. Terminando servidor
[INFO] 04:57:57:190 Servidor/(22216:22216): Servidor listo para recibir al cliente
[INFO] 04:58:47:545 Servidor/(22216:22216): Se conecto un cliente!
[INFO] 04:58:47:545 Servidor/(22216:22216): Me llego el mensaje valor
[INFO] 04:58:56:675 Servidor/(22216:22216): Me llegaron los siguientes valores:

[INFO] 04:58:56:675 Servidor/(22216:22216): bomba
[ERROR] 04:58:56:675 Servidor/(22216:22216): el cliente se desconecto. Terminando servidor
[INFO] 05:02:27:646 Servidor/(22769:22769): Servidor listo para recibir al cliente
[INFO] 05:02:37:048 Servidor/(22769:22769): Se conecto un cliente!
[INFO] 05:02:37:049 Servidor/(22769:22769): Me llego el mensaje valor
[INFO] 05:02:42:540 Servidor/(22769:22769): Me llegaron los siguientes valores:

[INFO] 05:02:42:540 Servidor/(22769:22769): dfdfd
[INFO] 05:02:42:540 Servidor/(22769:22769): dfdf
[ERROR] 05:02:42:540 Servidor/(22769:22769): el cliente se desconecto. Terminando servidor
[INFO] 05:03:28:447 Servidor/(22994:22994): Servidor listo para recibir al cliente
[INFO] 05:03:38:414 Servidor/(23075:23075): Servidor listo para recibir al cliente
[INFO] 05:03:48:201 Servidor/(23075:23075): Se conecto un cliente!
[INFO] 05:03:48:201 Servidor/(23075:23075): Me llego el mensaje valor
[INFO] 05:03:52:323 Servidor/(23075:23075): Me llegaron los siguientes valores:
[INFO] 05:03:52:323 Servidor/(23075:23075): dfdfd
[INFO] 05:03:52:323 Servidor/(23075:23075): dfdf
[ERROR] 05:03:52:323 Servidor/(23075:23075): el cliente se desconecto. Terminando servidor
[INFO] 19:15:51:350 Servidor/(2457:2457): Servidor listo para recibir al cliente
[INFO] 19:19:23:220 Servidor/(2596:2596): Servidor listo para recibir al cliente
[INFO] 19:20:12:318 Servidor/(2731:2731): Servidor listo para recibir al cliente
[INFO] 19:20:41:556 Servidor/(2731:2731): Se conecto un cliente!
[INFO] 19:20:41:556 Servidor/(2731:2731): Me llego el mensaje valor
[INFO] 19:28:57:282 Servidor/(2731:2731): Me llegaron los siguientes valores:
[INFO] 19:28:57:283 Servidor/(2731:2731): Hola
[INFO] 19:28:57:283 Servidor/(2731:2731): que 
[INFO] 19:28:57:283 Servidor/(2731:2731): pasa
[ERROR] 19:28:57:284 Servidor/(2731:2731): el cliente se desconecto. Terminando servidor
[INFO] 19:30:49:390 Servidor/(3435:3435): Servidor listo para recibir al cliente
[INFO] 19:30:55:103 Servidor/(3435:3435): Se conecto un cliente!
[INFO] 19:30:55:103 Servidor/(3435:3435): Me llego el mensaje valor
[INFO] 19:31:05:208 Servidor/(3435:3435): Me llegaron los siguientes valores:
[INFO] 19:31:05:208 Servidor/(3435:3435): hola
[ERROR] 19:31:05:208 Servidor/(3435:3435): el cliente se desconecto. Terminando servidor
[INFO] 20:49:26:180 Servidor/(6077:6077): Servidor listo para recibir al cliente
[INFO] 21:34:29:060 Servidor/(9975:9975): Servidor listo para recibir al cliente
[INFO] 21:34:37:384 Servidor/(9975:9975): Se conecto un cliente!
[INFO] 21:34:37:384 Servidor/(9975:9975): Me llego el mensaje valor
[INFO] 21:34:46:357 Servidor/(9975:9975): Me llegaron los siguientes valores:
[INFO] 21:34:46:357 Servidor/(9975:9975): hola
[INFO] 21:34:46:357 Servidor/(9975:9975): que
[ERROR] 21:34:46:357 Servidor/(9975:9975): el cliente se desconecto. Terminando servidor
[INFO] 21:36:27:674 Servidor/(10323:10323): Servidor listo para recibir al cliente
[INFO] 21:36:32:323 Servidor/(10323:10323): Se conecto un cliente!
[INFO] 21:36:32:323 Servidor/(10323:10323): Me llego el mensaje valor
[INFO] 21:36:36:920 Servidor/(10323:10323): Me llegaron los siguientes valores:
[INFO] 21:36:36:920 Servidor/(10323:10323): hola
[ERROR] 21:36:36:920 Servidor/(10323:10323): el cliente se desconecto. Terminando servidor
[INFO] 21:59:19:446 Servidor/(11676:11676): Servidor listo para recibir al cliente
[INFO] 21:59:33:235 Servidor/(11676:11676): Se conecto un cliente!
[INFO] 21:59:33:235 Servidor/(11676:11676): Me llego el mensaje valor
[INFO] 21:59:33:426 Servidor/(11676:11676): Me llegaron los siguientes valores:
[ERROR] 21:59:33:426 Servidor/(11676:11676): el cliente se desconecto. Terminando servidor
[INFO] 21:59:45:756 Servidor/(11803:11803): Servidor listo para recibir al cliente
[INFO] 21:59:50:507 Servidor/(11803:11803): Se conecto un cliente!
[INFO] 21:59:50:507 Servidor/(11803:11803): Me llego el mensaje valor
[INFO] 21:59:57:392 Servidor/(11803:11803): Me llegaron los siguientes valores:
[INFO] 21:59:57:392 Servidor/(11803:11803): hola
[ERROR] 21:59:57:392 Servidor/(11803:11803): el cliente se desconecto. Terminando servidor
[INFO] 22:01:10:994 Servidor/(12034:12034): Servidor listo para recibir al cliente
[INFO] 22:01:10:997 Servidor/(12034:12034): Se conecto un cliente!
[ERROR] 22:01:10:997 Servidor/(12034:12034): el cliente se desconecto. Terminando servidor
[INFO] 23:33:30:425 Servidor/(15347:15347): Servidor listo para recibir al cliente
[INFO] 23:37:16:529 Servidor/(15347:15347): Se conecto un cliente!
[INFO] 23:37:16:529 Servidor/(15347:15347): Me llego el mensaje valor
[INFO] 23:37:30:202 Servidor/(15347:15347): Me llegaron los siguientes valores:
[INFO] 23:37:30:203 Servidor/(15347:15347): hola
[ERROR] 23:37:30:203 Servidor/(15347:15347): el cliente se desconecto. Terminando servidor
[INFO] 23:40:57:078 Servidor/(15946:15946): Servidor listo para recibir al cliente
[INFO] 23:40:57:079 Servidor/(15946:15946): Se conecto un cliente!
[ERROR] 23:40:57:079 Servidor/(15946:15946): el cliente se desconecto. Terminando servidor
[INFO] 23:45:29:730 Servidor/(16194:16194): Servidor listo para recibir al cliente
[INFO] 23:45:29:730 Servidor/(16194:16194): Se conecto un cliente!
[ERROR] 23:45:29:730 Servidor/(16194:16194): el cliente se desconecto. Terminando servidor
[INFO] 00:59:54:154 Servidor/(21004:21004): Servidor listo para recibir al cliente
[INFO] 01:00:13:830 Servidor/(21004:21004): Se conecto un cliente!
[INFO] 01:05:23:240 Servidor/(21342:21342): Servidor listo para recibir al cliente
[INFO] 01:05:36:005 Servidor/(21342:21342): Se conecto un cliente!
[INFO] 01:05:36:005 Servidor/(21342:21342): Se creo un nuevo hilo y se mostro los mensajes
[INFO] 01:09:14:409 Servidor/(21682:21682): Servidor listo para recibir al cliente
[INFO] 01:09:26:163 Servidor/(21682:21682): Se conecto un cliente!
[INFO] 01:09:26:163 Servidor/(21682:21682): Se creo un nuevo hilo y se mostro los mensajes
[INFO] 21:32:27:938 Servidor/(2276:2276): Servidor listo para recibir al cliente
[INFO] 21:33:16:577 Servidor/(2276:2276): Se conecto un cliente!
[INFO] 22:14:27:485 Servidor/(2877:2877): Servidor listo para recibir al cliente
[INFO] 22:14:31:940 Servidor/(2877:2877): Se conecto un cliente!
[INFO] 22:14:45:490 Servidor/(3009:3009): Servidor listo para recibir al cliente
[INFO] 22:14:51:704 Servidor/(3009:3009): Se conecto un cliente!
[INFO] 22:29:14:380 Servidor/(4917:4917): Servidor listo para recibir al cliente
[INFO] 22:29:20:241 Servidor/(4917:4917): Se conecto un cliente!
[INFO] 22:29:20:242 Servidor/(4917:4917): consola conectada, paso a crear el hilo
[INFO] 22:36:40:292 Servidor/(5463:5463): Servidor listo para recibir al cliente
[INFO] 22:36:47:219 Servidor/(5463:5463): Se conecto un cliente!
[INFO] 22:36:47:219 Servidor/(5463:5463): consola conectada, paso a crear el hilo
[INFO] 22:37:43:597 Servidor/(5628:5628): Servidor listo para recibir al cliente
[INFO] 22:37:49:241 Servidor/(5628:5628): Se conecto un cliente!
[INFO] 22:37:49:241 Servidor/(5628:5628): consola conectada, paso a crear el hilo
[INFO] 22:38:26:889 Servidor/(5857:5857): Servidor listo para recibir al cliente
[INFO] 22:38:31:270 Servidor/(5857:5857): Se conecto un cliente!
[INFO] 22:38:31:270 Servidor/(5857:5857): consola conectada, paso a crear el hilo
[INFO] 22:46:45:235 Servidor/(6385:6385): Servidor listo para recibir al cliente
[INFO] 22:46:50:214 Servidor/(6385:6385): Se conecto un cliente!
[INFO] 22:46:50:214 Servidor/(6385:6385): consola conectada, paso a crear el hilo
[INFO] 22:48:43:183 Servidor/(6683:6683): Servidor listo para recibir al cliente
[INFO] 22:48:46:477 Servidor/(6683:6683): Se conecto un cliente!
[INFO] 22:48:46:477 Servidor/(6683:6683): consola conectada, paso a crear el hilo
[INFO] 22:48:46:477 Servidor/(6683:6714): llamo a la funcion
[INFO] 22:48:46:477 Servidor/(6683:6714): llamo a la funcion
[INFO] 22:48:46:477 Servidor/(6683:6714): llamo a la funcion
[INFO] 22:48:46:477 Servidor/(6683:6714): llamo a la funcion
[INFO] 22:48:46:477 Servidor/(6683:6714): llamo a la funcion
[INFO] 22:48:46:477 Servidor/(6683:6714): llamo a la funcion
[INFO] 22:48:46:477 Servidor/(6683:6714): llamo a la funcion
[INFO] 22:48:46:477 Servidor/(6683:6714): llamo a la funcion
[INFO] 22:48:46:477 Servidor/(6683:6714): llamo a la funcion
[INFO] 22:48:46:477 Servidor/(6683:6714): llamo a la funcion
[INFO] 22:48:46:477 Servidor/(6683:6714): llamo a la funcion
[INFO] 22:48:46:477 Servidor/(6683:6714): llamo a la funcion
[INFO] 22:48:46:477 Servidor/(6683:6714): llamo a la funcion
[INFO] 22:48:46:477 Servidor/(6683:6714): llamo a la funcion
[INFO] 22:48:46:477 Servidor/(6683:6714): llamo a la funcion
[INFO] 22:48:46:477 Servidor/(6683:6714): llamo a la funcion
[INFO] 22:48:46:477 Servidor/(6683:6714): llamo a la funcion
[INFO] 22:48:46:477 Servidor/(6683:6714): llamo a la funcion
[INFO] 22:48:46:477 Servidor/(6683:6714): llamo a la funcion
[INFO] 22:48:46:477 Servidor/(6683:6714): llamo a la funcion
[INFO] 22:58:09:342 Servidor/(7208:7208): Servidor listo para recibir al cliente
[INFO] 22:58:12:268 Servidor/(7208:7208): Se conecto un cliente!
[INFO] 22:58:12:268 Servidor/(7208:7208): consola conectada, paso a crear el hilo
[INFO] 22:58:12:268 Servidor/(7208:7208): se creo el hilo
[INFO] 22:58:12:268 Servidor/(7208:7239): Me llego el mensaje valor
[INFO] 22:58:27:084 Servidor/(7208:7239): Me llegaron los siguientes valores:
[INFO] 22:58:27:084 Servidor/(7208:7239): hola
[INFO] 22:58:27:084 Servidor/(7208:7239): como estas
[ERROR] 22:58:27:084 Servidor/(7208:7239): el cliente se desconecto. Terminando servidor
[WARNING] 22:58:27:084 Servidor/(7208:7239): Operacion desconocida. No quieras meter la pata
[INFO] 23:01:06:364 Servidor/(7524:7524): Servidor listo para recibir al cliente
[INFO] 23:01:13:052 Servidor/(7524:7524): Se conecto un cliente!
[INFO] 23:01:13:052 Servidor/(7524:7524): consola conectada, paso a crear el hilo
[INFO] 23:01:13:052 Servidor/(7524:7524): se creo el hilo
[INFO] 23:01:13:052 Servidor/(7524:7579): Me llego el mensaje valor
[INFO] 23:01:20:081 Servidor/(7524:7579): Me llegaron los siguientes valores:
[INFO] 23:01:20:082 Servidor/(7524:7579): hola
[INFO] 23:01:20:082 Servidor/(7524:7579): jajaja
[ERROR] 23:01:20:082 Servidor/(7524:7579): el cliente se desconecto. Terminando servidor
[INFO] 23:06:21:895 Servidor/(7862:7862): Servidor listo para recibir al cliente
[INFO] 23:06:28:446 Servidor/(7862:7862): Se conecto un cliente!
[INFO] 23:06:28:446 Servidor/(7862:7862): consola conectada, paso a crear el hilo
[INFO] 23:06:28:446 Servidor/(7862:7908): Me llego el mensaje valor
[INFO] 23:06:46:501 Servidor/(7862:7908): Me llegaron los siguientes valores:
[INFO] 23:06:46:501 Servidor/(7862:7908): hola como
[INFO] 23:06:46:501 Servidor/(7862:7908): estas
[INFO] 23:06:46:501 Servidor/(7862:7908): jaja
[ERROR] 23:06:46:501 Servidor/(7862:7908): el cliente se desconecto. Terminando servidor
[INFO] 23:11:45:112 Servidor/(8246:8246): Servidor listo para recibir al cliente
[INFO] 23:25:36:205 Servidor/(8246:8246): Se conecto un cliente!
[INFO] 23:25:36:206 Servidor/(8246:8246): consola conectada, paso a crear el hilo
[INFO] 23:25:36:206 Servidor/(8246:8982): Me llego el mensaje valor
[INFO] 23:26:35:829 Servidor/(8246:8982): Me llegaron los siguientes valores:
[INFO] 23:26:35:829 Servidor/(8246:8982): sasa
[ERROR] 23:26:35:830 Servidor/(8246:8982): el cliente se desconecto. Terminando servidor
[INFO] 23:34:02:252 Servidor/(9620:9620): Servidor listo para recibir al cliente
[INFO] 23:34:14:877 Servidor/(9620:9620): Se conecto un cliente!
[INFO] 23:34:14:877 Servidor/(9620:9620): consola conectada, paso a crear el hilo
[INFO] 23:34:14:877 Servidor/(9620:9648): Me llego el mensaje valor
[INFO] 23:35:11:736 Servidor/(9620:9620): Se conecto un cliente!
[INFO] 23:35:11:736 Servidor/(9620:9620): consola conectada, paso a crear el hilo
[INFO] 23:35:11:736 Servidor/(9620:9724): Me llego el mensaje valor
[INFO] 23:42:45:044 Servidor/(10068:10068): Servidor listo para recibir al cliente
[INFO] 23:42:49:686 Servidor/(10068:10068): Se conecto un cliente!
[INFO] 23:42:49:686 Servidor/(10068:10068): consola conectada, paso a crear el hilo
[INFO] 23:42:49:686 Servidor/(10068:10109): Me llego el mensaje valor
[INFO] 23:45:34:045 Servidor/(10068:10110): Me llegaron los siguientes valores:
[INFO] 23:45:34:045 Servidor/(10068:10110): fffgg
[ERROR] 23:45:34:045 Servidor/(10068:10110): el cliente se desconecto. Terminando servidor
[ERROR] 23:45:34:045 Servidor/(10068:10109): el cliente se desconecto. Terminando servidor
